\BOOKMARK [0][-]{chapter.1}{Introduction, Objectives and Methodology}{}% 1
\BOOKMARK [1][-]{section.1.1}{Introduction}{chapter.1}% 2
\BOOKMARK [1][-]{section.1.2}{Objectives}{chapter.1}% 3
\BOOKMARK [1][-]{section.1.3}{Methodology}{chapter.1}% 4
\BOOKMARK [0][-]{chapter.2}{Literature Review and Research Gap}{}% 5
\BOOKMARK [1][-]{section.2.1}{Literature survey}{chapter.2}% 6
\BOOKMARK [2][-]{subsection.2.1.1}{Journal Papers/Product 1}{section.2.1}% 7
\BOOKMARK [2][-]{subsection.2.1.2}{Journal Papers/Product 2}{section.2.1}% 8
\BOOKMARK [2][-]{subsection.2.1.3}{Journal Papers/Product 3}{section.2.1}% 9
\BOOKMARK [2][-]{subsection.2.1.4}{Journal Papers/Product 4}{section.2.1}% 10
\BOOKMARK [1][-]{section.2.2}{Research Gap}{chapter.2}% 11
\BOOKMARK [2][-]{subsection.2.2.1}{Research Gap 1}{section.2.2}% 12
\BOOKMARK [2][-]{subsection.2.2.2}{Research Gap 2}{section.2.2}% 13
\BOOKMARK [2][-]{subsection.2.2.3}{Research Gap 3}{section.2.2}% 14
\BOOKMARK [2][-]{subsection.2.2.4}{Research Gap 4}{section.2.2}% 15
\BOOKMARK [0][-]{chapter.3}{Prior-art search}{}% 16
\BOOKMARK [1][-]{section.3.1}{Patents/copyrights 1}{chapter.3}% 17
\BOOKMARK [1][-]{section.3.2}{Patents/copyrights 2}{chapter.3}% 18
\BOOKMARK [1][-]{section.3.3}{Patents/copyrights 3}{chapter.3}% 19
\BOOKMARK [1][-]{section.3.4}{Patents/copyrights 4}{chapter.3}% 20
\BOOKMARK [0][-]{chapter.4}{ Problem definition, Initial Design using Design Thinking approach, Experimentation / Design calculations / Flowcharts / Algorithms }{}% 21
\BOOKMARK [1][-]{section.4.1}{Problem definition}{chapter.4}% 22
\BOOKMARK [1][-]{section.4.2}{Initial Design using Design Thinking approach}{chapter.4}% 23
\BOOKMARK [1][-]{section.4.3}{Experimentation}{chapter.4}% 24
\BOOKMARK [1][-]{section.4.4}{Design calculations}{chapter.4}% 25
\BOOKMARK [1][-]{section.4.5}{Flowcharts}{chapter.4}% 26
\BOOKMARK [1][-]{section.4.6}{Algorithms}{chapter.4}% 27
\BOOKMARK [0][-]{chapter.5}{Results and discussion}{}% 28
\BOOKMARK [1][-]{section.5.1}{Results}{chapter.5}% 29
\BOOKMARK [2][-]{subsection.5.1.1}{Results and snapshots}{section.5.1}% 30
\BOOKMARK [1][-]{section.5.2}{Discussion}{chapter.5}% 31
\BOOKMARK [0][-]{chapter.6}{Conclusion and Scope for future work }{}% 32
\BOOKMARK [1][-]{section.6.1}{Conclusion}{chapter.6}% 33
\BOOKMARK [1][-]{section.6.2}{Scope for future work }{chapter.6}% 34
\BOOKMARK [0][-]{chapter*.10}{References}{}% 35
\BOOKMARK [0][-]{chapter*.11}{Papers published/communicated/presented}{}% 36
\BOOKMARK [1][-]{section*.12}{Papers published}{chapter*.11}% 37
\BOOKMARK [1][-]{section*.12}{Papers communicated}{chapter*.11}% 38
\BOOKMARK [1][-]{section*.12}{Papers presented}{chapter*.11}% 39
\BOOKMARK [0][-]{chapter*.13}{Appendix}{}% 40
\BOOKMARK [1][-]{section*.14}{Drawings}{chapter*.13}% 41
\BOOKMARK [1][-]{section*.14}{Source code or Program}{chapter*.13}% 42
\BOOKMARK [1][-]{section*.14}{Bill of materials}{chapter*.13}% 43
