\BOOKMARK [0][-]{chapter.1}{Introduction and Overview}{}% 1
\BOOKMARK [1][-]{section.1.1}{Introduction}{chapter.1}% 2
\BOOKMARK [1][-]{section.1.2}{Biological concepts}{chapter.1}% 3
\BOOKMARK [1][-]{section.1.3}{Motivation behind the project}{chapter.1}% 4
\BOOKMARK [1][-]{section.1.4}{Existing system}{chapter.1}% 5
\BOOKMARK [1][-]{section.1.5}{Proposed system}{chapter.1}% 6
\BOOKMARK [1][-]{section.1.6}{Organization of report}{chapter.1}% 7
\BOOKMARK [1][-]{section.1.7}{Conclusion}{chapter.1}% 8
\BOOKMARK [0][-]{chapter.2}{Literature survey}{}% 9
\BOOKMARK [1][-]{section.2.1}{Introduction}{chapter.2}% 10
\BOOKMARK [1][-]{section.2.2}{Literature survey}{chapter.2}% 11
\BOOKMARK [1][-]{section.2.3}{Cellular Automata}{chapter.2}% 12
\BOOKMARK [2][-]{subsection.2.3.1}{Biological roots}{section.2.3}% 13
\BOOKMARK [2][-]{subsection.2.3.2}{Biological terminologies}{section.2.3}% 14
\BOOKMARK [1][-]{section.2.4}{Technologies used}{chapter.2}% 15
\BOOKMARK [2][-]{subsection.2.4.1}{GNU Octave}{section.2.4}% 16
\BOOKMARK [1][-]{section.2.5}{Conclusion}{chapter.2}% 17
\BOOKMARK [0][-]{chapter.3}{System Requirements}{}% 18
\BOOKMARK [1][-]{section.3.1}{Introduction}{chapter.3}% 19
\BOOKMARK [1][-]{section.3.2}{Software requirements}{chapter.3}% 20
\BOOKMARK [1][-]{section.3.3}{Hardware requirements}{chapter.3}% 21
\BOOKMARK [1][-]{section.3.4}{Functional requirements}{chapter.3}% 22
\BOOKMARK [1][-]{section.3.5}{Non-functional requirements}{chapter.3}% 23
\BOOKMARK [1][-]{section.3.6}{Conclusion}{chapter.3}% 24
\BOOKMARK [0][-]{chapter.4}{System Analysis and Design}{}% 25
\BOOKMARK [1][-]{section.4.1}{Introduction}{chapter.4}% 26
\BOOKMARK [1][-]{section.4.2}{Objectives of the system}{chapter.4}% 27
\BOOKMARK [1][-]{section.4.3}{System design}{chapter.4}% 28
\BOOKMARK [1][-]{section.4.4}{Modules design}{chapter.4}% 29
\BOOKMARK [2][-]{subsection.4.4.1}{Get configuration}{section.4.4}% 30
\BOOKMARK [2][-]{subsection.4.4.2}{Initialization of Cellular Automata}{section.4.4}% 31
\BOOKMARK [1][-]{section.4.5}{Conclusion}{chapter.4}% 32
\BOOKMARK [0][-]{chapter.5}{System Implementation}{}% 33
\BOOKMARK [1][-]{section.5.1}{Introduction}{chapter.5}% 34
\BOOKMARK [1][-]{section.5.2}{Biological properties and its implementation}{chapter.5}% 35
\BOOKMARK [1][-]{section.5.3}{Pre settings for Cellular Automata}{chapter.5}% 36
\BOOKMARK [2][-]{subsection.5.3.1}{Properties of biological cell}{section.5.3}% 37
\BOOKMARK [1][-]{section.5.4}{Cell division}{chapter.5}% 38
\BOOKMARK [1][-]{section.5.5}{Simulation}{chapter.5}% 39
\BOOKMARK [1][-]{section.5.6}{The main results}{chapter.5}% 40
\BOOKMARK [1][-]{section.5.7}{Conclusion}{chapter.5}% 41
\BOOKMARK [0][-]{chapter.6}{System Testing}{}% 42
\BOOKMARK [1][-]{section.6.1}{Introduction}{chapter.6}% 43
\BOOKMARK [1][-]{section.6.2}{Unit testing}{chapter.6}% 44
\BOOKMARK [2][-]{subsection.6.2.1}{Read configuration}{section.6.2}% 45
\BOOKMARK [1][-]{section.6.3}{Integration testing}{chapter.6}% 46
\BOOKMARK [2][-]{subsection.6.3.1}{Test cases}{section.6.3}% 47
\BOOKMARK [2][-]{subsection.6.3.2}{Results and snapshots}{section.6.3}% 48
\BOOKMARK [2][-]{subsection.6.3.3}{Asymmetric division}{section.6.3}% 49
\BOOKMARK [2][-]{subsection.6.3.4}{Symmetric division}{section.6.3}% 50
\BOOKMARK [2][-]{subsection.6.3.5}{With confinement}{section.6.3}% 51
\BOOKMARK [2][-]{subsection.6.3.6}{With motility}{section.6.3}% 52
\BOOKMARK [2][-]{subsection.6.3.7}{With proteolysis}{section.6.3}% 53
\BOOKMARK [1][-]{section.6.4}{Conclusion}{chapter.6}% 54
\BOOKMARK [0][-]{chapter*.13}{Results}{}% 55
\BOOKMARK [0][-]{chapter*.14}{Conclusion and Future work}{}% 56
\BOOKMARK [0][-]{chapter*.15}{Outcome of the thesis}{}% 57
\BOOKMARK [0][-]{chapter*.16}{Bibliography}{}% 58
