This is pdfTeX, Version 3.14159265-2.6-1.40.16 (TeX Live 2015/Debian) (preloaded format=pdflatex 2018.3.12)  19 MAR 2018 10:45
entering extended mode
 restricted \write18 enabled.
 %&-line parsing enabled.
**Report.tex
(./Report.tex
LaTeX2e <2016/02/01>
Babel <3.9q> and hyphenation patterns for 3 language(s) loaded.
(/usr/share/texlive/texmf-dist/tex/latex/base/report.cls
Document Class: report 2014/09/29 v1.4h Standard LaTeX document class
(/usr/share/texlive/texmf-dist/tex/latex/base/size12.clo
File: size12.clo 2014/09/29 v1.4h Standard LaTeX file (size option)
)
\c@part=\count79
\c@chapter=\count80
\c@section=\count81
\c@subsection=\count82
\c@subsubsection=\count83
\c@paragraph=\count84
\c@subparagraph=\count85
\c@figure=\count86
\c@table=\count87
\abovecaptionskip=\skip41
\belowcaptionskip=\skip42
\bibindent=\dimen102
)

! LaTeX Error: File `import.sty' not found.

Type X to quit or <RETURN> to proceed,
or enter new name. (Default extension: sty)

Enter file name: 
! Emergency stop.
<read *> 
         
l.6 ^^M
       
*** (cannot \read from terminal in nonstop modes)

 
Here is how much of TeX's memory you used:
 220 strings out of 494953
 2343 string characters out of 6180977
 47938 words of memory out of 5000000
 3594 multiletter control sequences out of 15000+600000
 3938 words of font info for 15 fonts, out of 8000000 for 9000
 14 hyphenation exceptions out of 8191
 22i,0n,19p,156b,36s stack positions out of 5000i,500n,10000p,200000b,80000s
!  ==> Fatal error occurred, no output PDF file produced!
